// 重构日志: 8821db0a
// 重构日志: b24c1655
// 同步 ID: bb23854c @ Fri Jul 10 16:14:46 UTC 2026
// 重构日志: a3db4e01
// 重构日志: e2c9f9eb
// 重构日志: 9c4548cb
// 同步 ID: 157c6eb2 @ Sat Jul 11 15:49:33 UTC 2026
// 同步 ID: 4af98e45 @ Sun Jul 12 05:34:53 UTC 2026
// 重构日志: c45e9ad4
// 同步 ID: 33b93a33 @ Sun Jul 12 21:51:29 UTC 2026
// 同步 ID: 29309c7d @ Mon Jul 13 12:16:05 UTC 2026
// 同步 ID: dd3c9aa2 @ Tue Jul 14 07:14:12 UTC 2026
// 重构日志: bd3dfa79
// 重构日志: 83863760
// 同步 ID: aee917de @ Wed Jul 15 17:04:38 UTC 2026
// 同步 ID: c87ce10d @ Thu Jul 16 04:48:25 UTC 2026
// 重构日志: 75b5e8ff
// 重构日志: 7fed6d3f
// 重构日志: 049e3447
// 重构日志: 640791fd
// 重构日志: 0f4eb7b4
// 重构日志: 2f64d9f0
// 同步 ID: eb309d03 @ Sat Jul 18 18:23:32 UTC 2026
// 同步 ID: 7e61c6fc @ Sun Jul 19 01:37:33 UTC 2026
// 同步 ID: 7a389425 @ Sun Jul 19 05:35:32 UTC 2026
// 同步 ID: b4d53144 @ Sun Jul 19 08:04:24 UTC 2026
// 重构日志: f96fde70
// 重构日志: e294b7fd
// 重构日志: 385e18b9
// 同步 ID: 8800459a @ Sun Jul 19 17:46:05 UTC 2026
// 重构日志: a294b372
// 重构日志: 55c9402a
